<?xml version="1.0" encoding="UTF-8"?>
<testsuite name="TestAdvent5" tests="1" skipped="0" failures="0" errors="0" timestamp="2021-12-12T21:30:14" hostname="DESKTOP-BU7RLVG" time="0.022">
  <properties/>
  <testcase name="testPart2()" classname="TestAdvent5" time="0.022"/>
  <system-out><![CDATA[]]></system-out>
  <system-err><![CDATA[]]></system-err>
</testsuite>
